1700606445108: Mouse moved. x: 821 y: 489
1700606445114: Mouse moved. x: 802 y: 484
1700606445121: Mouse moved. x: 772 y: 476
1700606445129: Mouse moved. x: 740 y: 467
1700606445136: Mouse moved. x: 709 y: 457
1700606445142: Mouse moved. x: 681 y: 444
1700606445150: Mouse moved. x: 651 y: 433
1700606445157: Mouse moved. x: 625 y: 422
1700606445164: Mouse moved. x: 594 y: 408
1700606445172: Mouse moved. x: 571 y: 398
1700606445178: Mouse moved. x: 547 y: 385
1700606445186: Mouse moved. x: 525 y: 369
1700606445193: Mouse moved. x: 508 y: 355
1700606445200: Mouse moved. x: 493 y: 341
1700606445208: Mouse moved. x: 474 y: 321
1700606445215: Mouse moved. x: 461 y: 308
1700606445222: Mouse moved. x: 445 y: 286
1700606445229: Mouse moved. x: 436 y: 274
1700606445237: Mouse moved. x: 429 y: 263
1700606445244: Mouse moved. x: 425 y: 256
1700606445251: Mouse moved. x: 422 y: 248
1700606445258: Mouse moved. x: 419 y: 246
1700606445265: Mouse moved. x: 418 y: 243
1700606445272: Mouse moved. x: 417 y: 241
1700606445280: Mouse moved. x: 416 y: 240
1700606445287: Mouse moved. x: 416 y: 240
1700606445302: Mouse moved. x: 416 y: 239
1700606445331: Mouse moved. x: 416 y: 238
1700606445338: Mouse moved. x: 416 y: 236
1700606445345: Mouse moved. x: 416 y: 232
1700606445352: Mouse moved. x: 418 y: 222
1700606445359: Mouse moved. x: 420 y: 209
1700606445366: Mouse moved. x: 423 y: 200
1700606445374: Mouse moved. x: 425 y: 193
1700606445381: Mouse moved. x: 425 y: 191
1700606445388: Mouse moved. x: 425 y: 189
1700606445395: Mouse moved. x: 425 y: 188
1700606445402: Mouse moved. x: 425 y: 187
1700606445447: Mouse moved. x: 426 y: 187
1700606445453: Mouse moved. x: 426 y: 187
1700606445460: Mouse moved. x: 427 y: 188
1700606445468: Mouse moved. x: 428 y: 190
1700606446686: Key Released: R
1700606446768: Key Released: Shift
1700606446810: Key Released: Ctrl
1700606447120: Key Released: Tab
1700606447655: Key Released: Tab
1700606447703: Key Released: Alt
1700606448245: Key Released: T
1700606448254: Key Released: Ctrl
1700606448751: Key Released: H
1700606448816: Key Released: E
1700606448823: Key Released: L
1700606448959: Key Released: L
1700606449132: Key Released: O
1700606449475: Key Released: Ctrl
1700606449479: Key Released: W
1700606449757: Key Released: Tab
1700606449763: Key Released: Alt
1700606450472: Key Released: S
1700606450514: Key Released: Shift
1700606450530: Key Released: Ctrl
1700606458051: Key Released: 1
1700606458052: Key Released: Shift
1700606458052: Key Released: Ctrl
1700606458052: Key Released: R
1700606458052: Key Released: Shift
1700606458052: Key Released: Ctrl
1700606458053: Key Released: Tab
1700606458053: Key Released: Tab
1700606458053: Key Released: Alt
1700606458053: Key Released: T
1700606458053: Key Released: Ctrl
1700606458053: Key Released: H
1700606458053: Key Released: E
1700606458053: Key Released: L
1700606458053: Key Released: L
1700606458053: Key Released: O
1700606458053: Key Released: Ctrl
1700606458053: Key Released: W
1700606458053: Key Released: Tab
1700606458053: Key Released: Alt
1700606460703: Key Released: Alt
1700606460718: Key Released: Tab
1700606461566: Key Released: Shift
1700606461781: Key Released: Alt
1700606462013: Key Released: Ctrl
1700606462395: Key Released: Shift
1700606462662: Key Released: Tab
1700606462871: Key Released: Tab
1700606463671: Key Released: Enter
1700606464174: Mouse moved. x: 477 y: 179
1700606464181: Mouse moved. x: 550 y: 157
1700606464188: Mouse moved. x: 626 y: 131
1700606464196: Mouse moved. x: 701 y: 110
1700606464202: Mouse moved. x: 779 y: 92
1700606464210: Mouse moved. x: 849 y: 71
1700606464217: Mouse moved. x: 920 y: 52
1700606464224: Mouse moved. x: 984 y: 33
1700606464231: Mouse moved. x: 1041 y: 19
1700606464239: Mouse moved. x: 1080 y: 14
1700606464246: Mouse moved. x: 1123 y: 6
1700606464253: Mouse moved. x: 1147 y: 6
1700606464260: Mouse moved. x: 1174 y: 6
1700606464268: Mouse moved. x: 1200 y: 8
1700606464275: Mouse moved. x: 1216 y: 12
1700606464282: Mouse moved. x: 1232 y: 16
1700606464289: Mouse moved. x: 1243 y: 20
1700606464296: Mouse moved. x: 1254 y: 24
1700606464304: Mouse moved. x: 1263 y: 28
1700606464310: Mouse moved. x: 1268 y: 31
1700606464319: Mouse moved. x: 1271 y: 32
1700606464326: Mouse moved. x: 1272 y: 33
1700606464335: Mouse moved. x: 1273 y: 33
1700606464341: Mouse moved. x: 1273 y: 34
1700606464348: Mouse moved. x: 1273 y: 34
1700606464354: Mouse moved. x: 1273 y: 35
1700606464361: Mouse moved. x: 1273 y: 36
1700606464371: Mouse moved. x: 1273 y: 37
1700606464376: Mouse moved. x: 1273 y: 37
1700606464385: Mouse moved. x: 1273 y: 38
1700606464393: Mouse moved. x: 1273 y: 38
1700606464399: Mouse moved. x: 1273 y: 39
1700606464405: Mouse moved. x: 1272 y: 40
1700606464412: Mouse moved. x: 1271 y: 40
1700606464419: Mouse moved. x: 1271 y: 40
1700606464428: Mouse moved. x: 1271 y: 43
1700606464434: Mouse moved. x: 1271 y: 48
1700606464441: Mouse moved. x: 1274 y: 61
1700606464449: Mouse moved. x: 1282 y: 78
1700606464456: Mouse moved. x: 1292 y: 92
1700606464463: Mouse moved. x: 1307 y: 106
1700606464471: Mouse moved. x: 1334 y: 124
1700606464477: Mouse moved. x: 1357 y: 135
1700606464485: Mouse moved. x: 1377 y: 142
1700606464492: Mouse moved. x: 1399 y: 148
1700606464499: Mouse moved. x: 1413 y: 148
1700606464506: Mouse moved. x: 1424 y: 148
1700606464513: Mouse moved. x: 1435 y: 147
1700606464521: Mouse moved. x: 1443 y: 145
1700606464528: Mouse moved. x: 1449 y: 143
1700606464535: Mouse moved. x: 1453 y: 141
1700606464543: Mouse moved. x: 1457 y: 139
1700606464550: Mouse moved. x: 1460 y: 137
1700606464557: Mouse moved. x: 1462 y: 135
1700606464564: Mouse moved. x: 1464 y: 135
1700606464571: Mouse moved. x: 1464 y: 134
1700606464578: Mouse moved. x: 1465 y: 134
1700606464585: Mouse moved. x: 1465 y: 133
1700606464917: Mouse moved. x: 1464 y: 130
1700606464925: Mouse moved. x: 1462 y: 124
1700606464932: Mouse moved. x: 1460 y: 121
1700606464939: Mouse moved. x: 1456 y: 118
1700606464947: Mouse moved. x: 1454 y: 114
1700606464954: Mouse moved. x: 1451 y: 113
1700606464961: Mouse moved. x: 1448 y: 111
1700606464969: Mouse moved. x: 1446 y: 110
1700606464976: Mouse moved. x: 1445 y: 108
1700606464982: Mouse moved. x: 1442 y: 107
1700606464989: Mouse moved. x: 1440 y: 106
1700606464996: Mouse moved. x: 1439 y: 105
1700606465004: Mouse moved. x: 1437 y: 105
1700606465011: Mouse moved. x: 1435 y: 104
1700606465018: Mouse moved. x: 1432 y: 103
1700606465026: Mouse moved. x: 1431 y: 103
1700606465033: Mouse moved. x: 1429 y: 101
1700606465041: Mouse moved. x: 1426 y: 100
1700606465047: Mouse moved. x: 1425 y: 100
1700606465055: Mouse moved. x: 1424 y: 100
1700606465062: Mouse moved. x: 1423 y: 100
1700606465070: Mouse moved. x: 1423 y: 100
1700606465076: Mouse moved. x: 1422 y: 99
1700606465083: Mouse moved. x: 1421 y: 99
1700606465582: Mouse moved. x: 1416 y: 105
1700606465589: Mouse moved. x: 1409 y: 115
1700606465595: Mouse moved. x: 1401 y: 122
1700606465603: Mouse moved. x: 1391 y: 132
1700606465610: Mouse moved. x: 1380 y: 142
1700606465618: Mouse moved. x: 1363 y: 153
1700606465625: Mouse moved. x: 1346 y: 167
1700606465632: Mouse moved. x: 1331 y: 179
1700606465639: Mouse moved. x: 1314 y: 193
1700606465646: Mouse moved. x: 1297 y: 206
1700606465653: Mouse moved. x: 1280 y: 219
1700606465661: Mouse moved. x: 1261 y: 232
1700606465667: Mouse moved. x: 1246 y: 244
1700606465674: Mouse moved. x: 1234 y: 255
1700606465682: Mouse moved. x: 1221 y: 268
1700606465689: Mouse moved. x: 1207 y: 283
1700606465697: Mouse moved. x: 1196 y: 295
1700606465705: Mouse moved. x: 1183 y: 310
1700606465711: Mouse moved. x: 1175 y: 321
1700606465719: Mouse moved. x: 1167 y: 331
1700606465725: Mouse moved. x: 1161 y: 338
1700606465734: Mouse moved. x: 1157 y: 344
1700606465741: Mouse moved. x: 1155 y: 346
1700606465748: Mouse moved. x: 1151 y: 350
1700606465755: Mouse moved. x: 1150 y: 351
1700606465761: Mouse moved. x: 1149 y: 352
1700606465769: Mouse moved. x: 1148 y: 352
1700606465776: Mouse moved. x: 1148 y: 353
1700606465784: Mouse moved. x: 1147 y: 353
1700606465790: Mouse moved. x: 1146 y: 353
1700606465797: Mouse moved. x: 1145 y: 353
1700606465804: Mouse moved. x: 1145 y: 353
1700606465812: Mouse moved. x: 1144 y: 352
1700606465819: Mouse moved. x: 1142 y: 346
1700606465826: Mouse moved. x: 1138 y: 339
1700606465834: Mouse moved. x: 1136 y: 332
1700606465841: Mouse moved. x: 1134 y: 323
1700606465848: Mouse moved. x: 1131 y: 311
1700606465855: Mouse moved. x: 1130 y: 298
1700606465863: Mouse moved. x: 1129 y: 282
1700606465870: Mouse moved. x: 1129 y: 270
1700606465877: Mouse moved. x: 1129 y: 258
1700606465884: Mouse moved. x: 1129 y: 247
1700606465892: Mouse moved. x: 1129 y: 238
1700606465900: Mouse moved. x: 1130 y: 229
1700606465906: Mouse moved. x: 1131 y: 223
1700606465913: Mouse moved. x: 1132 y: 219
1700606465921: Mouse moved. x: 1133 y: 216
1700606465928: Mouse moved. x: 1133 y: 215
1700606465935: Mouse moved. x: 1133 y: 214
1700606465942: Mouse moved. x: 1134 y: 214
1700606465949: Mouse moved. x: 1134 y: 213
1700606465963: Mouse moved. x: 1135 y: 213
1700606465971: Mouse moved. x: 1136 y: 213
1700606465978: Mouse moved. x: 1136 y: 213
1700606465985: Mouse moved. x: 1138 y: 213
1700606465992: Mouse moved. x: 1139 y: 214
1700606465999: Mouse moved. x: 1140 y: 216
1700606466007: Mouse moved. x: 1143 y: 217
1700606466014: Mouse moved. x: 1144 y: 219
1700606466021: Mouse moved. x: 1145 y: 221
1700606466028: Mouse moved. x: 1146 y: 222
1700606466036: Mouse moved. x: 1147 y: 225
1700606466043: Mouse moved. x: 1148 y: 226
1700606466050: Mouse moved. x: 1148 y: 229
1700606466057: Mouse moved. x: 1150 y: 230
1700606466065: Mouse moved. x: 1151 y: 233
1700606466072: Mouse moved. x: 1152 y: 236
1700606466079: Mouse moved. x: 1153 y: 239
1700606466086: Mouse moved. x: 1155 y: 243
1700606466093: Mouse moved. x: 1156 y: 246
1700606466099: Mouse moved. x: 1156 y: 249
1700606466664: Mouse moved. x: 1152 y: 259
1700606466671: Mouse moved. x: 1144 y: 274
1700606466678: Mouse moved. x: 1138 y: 287
1700606466686: Mouse moved. x: 1130 y: 298
1700606466692: Mouse moved. x: 1122 y: 309
1700606466699: Mouse moved. x: 1115 y: 320
1700606466707: Mouse moved. x: 1105 y: 332
1700606466714: Mouse moved. x: 1096 y: 342
1700606466721: Mouse moved. x: 1085 y: 353
1700606466729: Mouse moved. x: 1078 y: 359
1700606466735: Mouse moved. x: 1066 y: 369
1700606466743: Mouse moved. x: 1059 y: 376
1700606466750: Mouse moved. x: 1048 y: 383
1700606466757: Mouse moved. x: 1041 y: 388
1700606466764: Mouse moved. x: 1029 y: 394
1700606466771: Mouse moved. x: 1020 y: 400
1700606466778: Mouse moved. x: 1014 y: 404
1700606466786: Mouse moved. x: 1004 y: 411
1700606466794: Mouse moved. x: 996 y: 415
1700606466801: Mouse moved. x: 986 y: 421
1700606466808: Mouse moved. x: 977 y: 426
1700606466814: Mouse moved. x: 971 y: 430
1700606466822: Mouse moved. x: 960 y: 434
1700606466830: Mouse moved. x: 952 y: 437
1700606466837: Mouse moved. x: 945 y: 441
1700606466844: Mouse moved. x: 939 y: 443
1700606466852: Mouse moved. x: 932 y: 445
1700606466858: Mouse moved. x: 927 y: 447
1700606466866: Mouse moved. x: 922 y: 450
1700606466873: Mouse moved. x: 916 y: 452
1700606466880: Mouse moved. x: 913 y: 453
1700606466888: Mouse moved. x: 908 y: 454
1700606466895: Mouse moved. x: 904 y: 454
1700606466903: Mouse moved. x: 902 y: 455
1700606466909: Mouse moved. x: 899 y: 456
1700606466916: Mouse moved. x: 896 y: 456
1700606466923: Mouse moved. x: 893 y: 456
1700606466931: Mouse moved. x: 891 y: 457
1700606466938: Mouse moved. x: 890 y: 457
1700606466945: Mouse moved. x: 888 y: 457
1700606466952: Mouse moved. x: 886 y: 458
1700606466959: Mouse moved. x: 886 y: 458
1700606466967: Mouse moved. x: 885 y: 458
1700606466974: Mouse moved. x: 885 y: 458
1700606466981: Mouse moved. x: 884 y: 458
1700606466988: Mouse moved. x: 883 y: 458
1700606466995: Mouse moved. x: 883 y: 458
1700606467003: Mouse moved. x: 882 y: 458
1700606467025: Mouse moved. x: 882 y: 458
1700606467999: Mouse moved. x: 879 y: 485
1700606468006: Mouse moved. x: 876 y: 516
1700606468013: Mouse moved. x: 874 y: 557
1700606468020: Mouse moved. x: 873 y: 588
1700606468027: Mouse moved. x: 871 y: 629
1700606468034: Mouse moved. x: 871 y: 648
1700606468041: Mouse moved. x: 869 y: 676
1700606468049: Mouse moved. x: 867 y: 691
1700606468056: Mouse moved. x: 866 y: 709
1700606468064: Mouse moved. x: 865 y: 719
1700606468071: Mouse moved. x: 864 y: 729
1700606468078: Mouse moved. x: 864 y: 736
1700606468086: Mouse moved. x: 863 y: 740
1700606468092: Mouse moved. x: 862 y: 743
1700606468099: Mouse moved. x: 862 y: 744
1700606468107: Mouse moved. x: 862 y: 745
1700606468115: Mouse moved. x: 862 y: 745
1700606468121: Mouse moved. x: 862 y: 746
1700606468128: Mouse moved. x: 862 y: 747
1700606468136: Mouse moved. x: 862 y: 747
1700606468215: Mouse moved. x: 861 y: 747
1700606468237: Mouse moved. x: 861 y: 747
1700606468244: Mouse moved. x: 861 y: 747
1700606468251: Mouse moved. x: 861 y: 746
1700606468259: Mouse moved. x: 860 y: 744
1700606468266: Mouse moved. x: 858 y: 739
1700606468273: Mouse moved. x: 858 y: 731
1700606468280: Mouse moved. x: 857 y: 722
1700606468287: Mouse moved. x: 857 y: 711
1700606468295: Mouse moved. x: 857 y: 700
1700606468303: Mouse moved. x: 857 y: 689
1700606468309: Mouse moved. x: 857 y: 677
1700606468316: Mouse moved. x: 857 y: 665
1700606468324: Mouse moved. x: 857 y: 654
1700606468332: Mouse moved. x: 857 y: 642
1700606468338: Mouse moved. x: 857 y: 631
1700606468345: Mouse moved. x: 857 y: 620
1700606468353: Mouse moved. x: 857 y: 608
1700606468359: Mouse moved. x: 857 y: 597
1700606468367: Mouse moved. x: 857 y: 588
1700606468373: Mouse moved. x: 856 y: 578
1700606468381: Mouse moved. x: 856 y: 570
1700606468388: Mouse moved. x: 856 y: 565
1700606468395: Mouse moved. x: 855 y: 560
1700606468403: Mouse moved. x: 855 y: 558
1700606468410: Mouse moved. x: 855 y: 557
1700606468417: Mouse moved. x: 855 y: 556
1700606468424: Mouse moved. x: 855 y: 554
1700606468432: Mouse moved. x: 855 y: 554
1700606468467: Mouse moved. x: 855 y: 553
1700606468893: Key Released: Enter
1700606469047: Key Released: Enter
1700606469697: Key Released: Slash
1700606469848: Key Released: Slash
1700606470197: Key Released: H
1700606470288: Key Released: A
1700606470465: Key Released: S
1700606470576: Key Released: H
1700606470662: Key Released: T
1700606470754: Key Released: A
1700606470968: Key Released: B
1700606471049: Key Released: L
1700606471156: Key Released: E
1700606471252: Key Released: Shift
1700606471723: Mouse moved. x: 855 y: 556
1700606471729: Mouse moved. x: 855 y: 560
1700606471737: Mouse moved. x: 857 y: 565
1700606471743: Mouse moved. x: 859 y: 568
1700606471751: Mouse moved. x: 864 y: 574
1700606471758: Mouse moved. x: 869 y: 580
1700606471766: Mouse moved. x: 878 y: 586
1700606471772: Mouse moved. x: 887 y: 592
1700606471779: Mouse moved. x: 898 y: 597
1700606471787: Mouse moved. x: 908 y: 600
1700606471794: Mouse moved. x: 919 y: 603
1700606471801: Mouse moved. x: 930 y: 605
1700606471809: Mouse moved. x: 939 y: 607
1700606471817: Mouse moved. x: 950 y: 610
1700606471823: Mouse moved. x: 959 y: 614
1700606471830: Mouse moved. x: 967 y: 616
1700606471838: Mouse moved. x: 977 y: 618
1700606471845: Mouse moved. x: 984 y: 619
1700606471852: Mouse moved. x: 988 y: 620
1700606471859: Mouse moved. x: 992 y: 621
1700606471867: Mouse moved. x: 995 y: 622
1700606471874: Mouse moved. x: 998 y: 622
1700606471880: Mouse moved. x: 1000 y: 622
1700606471888: Mouse moved. x: 1001 y: 622
1700606471895: Mouse moved. x: 1002 y: 622
1700606471902: Mouse moved. x: 1003 y: 622
1700606471910: Mouse moved. x: 1003 y: 622
1700606471931: Mouse moved. x: 1004 y: 622
1700606471960: Mouse moved. x: 1005 y: 622
1700606471967: Mouse moved. x: 1006 y: 622
1700606471975: Mouse moved. x: 1006 y: 621
1700606471982: Mouse moved. x: 1009 y: 616
1700606471989: Mouse moved. x: 1011 y: 610
1700606471996: Mouse moved. x: 1012 y: 607
1700606472329: Key Released: S
1700606472366: Key Released: Ctrl
1700606475561: Mouse moved. x: 997 y: 604
1700606475568: Mouse moved. x: 978 y: 600
1700606475575: Mouse moved. x: 949 y: 594
1700606475583: Mouse moved. x: 916 y: 584
1700606475590: Mouse moved. x: 873 y: 572
1700606475597: Mouse moved. x: 827 y: 559
1700606475604: Mouse moved. x: 772 y: 541
1700606475611: Mouse moved. x: 715 y: 522
1700606475619: Mouse moved. x: 653 y: 502
1700606475626: Mouse moved. x: 592 y: 474
1700606475633: Mouse moved. x: 533 y: 443
1700606475640: Mouse moved. x: 488 y: 417
1700606475647: Mouse moved. x: 442 y: 383
1700606475655: Mouse moved. x: 406 y: 355
1700606475662: Mouse moved. x: 369 y: 322
1700606475669: Mouse moved. x: 341 y: 297
1700606475676: Mouse moved. x: 311 y: 264
1700606475684: Mouse moved. x: 291 y: 241
1700606475691: Mouse moved. x: 274 y: 218
1700606475698: Mouse moved. x: 262 y: 200
1700606475706: Mouse moved. x: 253 y: 188
1700606475713: Mouse moved. x: 246 y: 177
1700606475720: Mouse moved. x: 241 y: 167
1700606475727: Mouse moved. x: 238 y: 160
1700606475734: Mouse moved. x: 236 y: 157
1700606475741: Mouse moved. x: 235 y: 156
1700606475748: Mouse moved. x: 235 y: 155
1700606475987: Mouse moved. x: 220 y: 153
1700606475994: Mouse moved. x: 207 y: 149
1700606476001: Mouse moved. x: 186 y: 141
1700606476008: Mouse moved. x: 174 y: 135
1700606476016: Mouse moved. x: 155 y: 125
1700606476023: Mouse moved. x: 142 y: 116
1700606476030: Mouse moved. x: 129 y: 109
1700606476037: Mouse moved. x: 112 y: 96
1700606476044: Mouse moved. x: 103 y: 89
1700606476052: Mouse moved. x: 93 y: 81
1700606476059: Mouse moved. x: 86 y: 77
1700606476067: Mouse moved. x: 80 y: 74
1700606476074: Mouse moved. x: 78 y: 72
1700606476081: Mouse moved. x: 75 y: 70
1700606476088: Mouse moved. x: 74 y: 69
1700606476095: Mouse moved. x: 73 y: 69
1700606476103: Mouse moved. x: 72 y: 69
1700606476110: Mouse moved. x: 72 y: 69
1700606476118: Mouse moved. x: 71 y: 69
1700606476147: Mouse moved. x: 71 y: 69
1700606476153: Mouse moved. x: 70 y: 69
1700606476161: Mouse moved. x: 69 y: 69
1700606476167: Mouse moved. x: 69 y: 69
1700606476174: Mouse moved. x: 67 y: 69
1700606476182: Mouse moved. x: 66 y: 69
1700606476188: Mouse moved. x: 63 y: 69
1700606476196: Mouse moved. x: 62 y: 69
1700606476203: Mouse moved. x: 62 y: 69
1700606476211: Mouse moved. x: 60 y: 69
1700606476219: Mouse moved. x: 60 y: 69
1700606476225: Mouse moved. x: 59 y: 69
1700606476233: Mouse moved. x: 59 y: 69
1700606476240: Mouse moved. x: 58 y: 69
1700606476247: Mouse moved. x: 58 y: 69
1700606476254: Mouse moved. x: 56 y: 68
1700606476261: Mouse moved. x: 54 y: 67
1700606476269: Mouse moved. x: 52 y: 63
1700606476275: Mouse moved. x: 48 y: 60
1700606476283: Mouse moved. x: 43 y: 55
1700606476290: Mouse moved. x: 41 y: 52
1700606476297: Mouse moved. x: 38 y: 50
1700606476305: Mouse moved. x: 35 y: 48
1700606476312: Mouse moved. x: 33 y: 45
1700606476319: Mouse moved. x: 32 y: 45
1700606476326: Mouse moved. x: 31 y: 44
1700606476333: Mouse moved. x: 31 y: 43
1700606476340: Mouse moved. x: 30 y: 43
1700606476347: Mouse moved. x: 29 y: 43
1700606476355: Mouse moved. x: 29 y: 43
1700606476362: Mouse moved. x: 28 y: 42
1700606476369: Mouse moved. x: 27 y: 42
1700606476391: Mouse moved. x: 27 y: 42
1700606476427: Mouse moved. x: 26 y: 42
1700606476477: Mouse moved. x: 26 y: 42
1700606476507: Mouse moved. x: 25 y: 42
1700606476542: Mouse moved. x: 25 y: 42
1700606477877: Mouse moved. x: 27 y: 44
1700606477884: Mouse moved. x: 33 y: 47
1700606477891: Mouse moved. x: 37 y: 51
1700606477898: Mouse moved. x: 43 y: 53
1700606477906: Mouse moved. x: 46 y: 55
1700606477913: Mouse moved. x: 48 y: 55
1700606477921: Mouse moved. x: 50 y: 56
1700606477927: Mouse moved. x: 52 y: 57
1700606477935: Mouse moved. x: 53 y: 58
1700606477942: Mouse moved. x: 55 y: 59
1700606477950: Mouse moved. x: 55 y: 59
1700606477958: Mouse moved. x: 56 y: 59
1700606477965: Mouse moved. x: 57 y: 60
1700606477972: Mouse moved. x: 57 y: 60
1700606477978: Mouse moved. x: 58 y: 61
1700606477986: Mouse moved. x: 59 y: 61
1700606477993: Mouse moved. x: 59 y: 61
1700606478000: Mouse moved. x: 60 y: 61
1700606478007: Mouse moved. x: 60 y: 62
1700606478014: Mouse moved. x: 62 y: 62
1700606478022: Mouse moved. x: 63 y: 63
1700606478028: Mouse moved. x: 64 y: 64
1700606478036: Mouse moved. x: 65 y: 65
1700606478043: Mouse moved. x: 66 y: 65
1700606478050: Mouse moved. x: 67 y: 66
1700606478058: Mouse moved. x: 67 y: 66
1700606478066: Mouse moved. x: 68 y: 66
1700606478072: Mouse moved. x: 69 y: 67
1700606478080: Mouse moved. x: 69 y: 68
1700606478088: Mouse moved. x: 70 y: 68
1700606478094: Mouse moved. x: 71 y: 68
1700606478102: Mouse moved. x: 71 y: 69
1700606478109: Mouse moved. x: 72 y: 69
1700606478115: Mouse moved. x: 72 y: 70
1700606478123: Mouse moved. x: 73 y: 70
1700606478130: Mouse moved. x: 74 y: 71
1700606478138: Mouse moved. x: 75 y: 71
1700606478144: Mouse moved. x: 75 y: 71
1700606478160: Mouse moved. x: 76 y: 72
1700606478166: Mouse moved. x: 76 y: 72
1700606478174: Mouse moved. x: 77 y: 72
1700606478181: Mouse moved. x: 77 y: 73
1700606478188: Mouse moved. x: 78 y: 73
1700606478195: Mouse moved. x: 79 y: 74
1700606478203: Mouse moved. x: 81 y: 75
1700606478209: Mouse moved. x: 82 y: 76
1700606478217: Mouse moved. x: 84 y: 78
1700606478224: Mouse moved. x: 86 y: 79
1700606478231: Mouse moved. x: 88 y: 81
1700606478239: Mouse moved. x: 91 y: 83
1700606478246: Mouse moved. x: 93 y: 86
1700606478252: Mouse moved. x: 98 y: 89
1700606478260: Mouse moved. x: 102 y: 94
1700606478268: Mouse moved. x: 105 y: 99
1700606478275: Mouse moved. x: 111 y: 106
1700606478283: Mouse moved. x: 118 y: 117
1700606478288: Mouse moved. x: 124 y: 132
1700606478296: Mouse moved. x: 135 y: 162
1700606478303: Mouse moved. x: 144 y: 195
1700606478311: Mouse moved. x: 162 y: 246
1700606478317: Mouse moved. x: 170 y: 279
1700606478325: Mouse moved. x: 177 y: 303
1700606478332: Mouse moved. x: 179 y: 314
1700606478339: Mouse moved. x: 179 y: 317
1700606478686: Mouse moved. x: 182 y: 330
1700606478693: Mouse moved. x: 184 y: 347
1700606478701: Mouse moved. x: 186 y: 361
1700606478708: Mouse moved. x: 189 y: 386
1700606478714: Mouse moved. x: 191 y: 399
1700606478721: Mouse moved. x: 194 y: 426
1700606478728: Mouse moved. x: 196 y: 448
1700606478736: Mouse moved. x: 197 y: 468
1700606478743: Mouse moved. x: 200 y: 489
1700606478751: Mouse moved. x: 200 y: 505
1700606478757: Mouse moved. x: 201 y: 517
1700606478765: Mouse moved. x: 201 y: 529
1700606478772: Mouse moved. x: 201 y: 540
1700606478780: Mouse moved. x: 201 y: 546
1700606478787: Mouse moved. x: 201 y: 553
1700606478793: Mouse moved. x: 201 y: 556
1700606478802: Mouse moved. x: 201 y: 558
1700606478808: Mouse moved. x: 201 y: 560
1700606478816: Mouse moved. x: 201 y: 561
1700606478823: Mouse moved. x: 200 y: 562
1700606478830: Mouse moved. x: 200 y: 562
1700606478837: Mouse moved. x: 200 y: 563
1700606478845: Mouse moved. x: 200 y: 563
1700606478859: Mouse moved. x: 200 y: 564
1700606478866: Mouse moved. x: 200 y: 564
1700606478895: Mouse moved. x: 199 y: 564
1700606478909: Mouse moved. x: 199 y: 564
1700606478916: Mouse moved. x: 198 y: 564
1700606478923: Mouse moved. x: 198 y: 564
1700606478931: Mouse moved. x: 196 y: 564
1700606478938: Mouse moved. x: 196 y: 564
1700606478945: Mouse moved. x: 195 y: 564
1700606478952: Mouse moved. x: 194 y: 563
1700606478960: Mouse moved. x: 191 y: 559
1700606478967: Mouse moved. x: 189 y: 555
1700606478974: Mouse moved. x: 188 y: 552
1700606478981: Mouse moved. x: 185 y: 547
1700606478989: Mouse moved. x: 181 y: 543
1700606478996: Mouse moved. x: 179 y: 539
1700606479004: Mouse moved. x: 176 y: 535
1700606479011: Mouse moved. x: 172 y: 530
1700606479018: Mouse moved. x: 171 y: 528
1700606479025: Mouse moved. x: 169 y: 526
1700606479032: Mouse moved. x: 168 y: 524
1700606479039: Mouse moved. x: 167 y: 523
1700606479046: Mouse moved. x: 166 y: 523
1700606479054: Mouse moved. x: 165 y: 523
1700606479060: Mouse moved. x: 165 y: 522
1700606479067: Mouse moved. x: 164 y: 522
1700606479104: Mouse moved. x: 164 y: 522
1700606479140: Mouse moved. x: 163 y: 522
1700606479169: Mouse moved. x: 163 y: 522
1700606479176: Mouse moved. x: 162 y: 522
1700606479184: Mouse moved. x: 162 y: 523
1700606479191: Mouse moved. x: 162 y: 524
1700606479198: Mouse moved. x: 162 y: 524
1700606479205: Mouse moved. x: 162 y: 525
1700606479212: Mouse moved. x: 162 y: 526
1700606479220: Mouse moved. x: 162 y: 526
1700606479234: Mouse moved. x: 162 y: 527
1700606479241: Mouse moved. x: 162 y: 527
1700606479255: Mouse moved. x: 162 y: 528
1700606479264: Mouse moved. x: 162 y: 529
1700606479270: Mouse moved. x: 162 y: 530
1700606479284: Mouse moved. x: 162 y: 530
1700606479307: Mouse moved. x: 162 y: 531
1700606479328: Mouse moved. x: 162 y: 531
1700606479373: Mouse moved. x: 162 y: 531
1700606479379: Mouse moved. x: 164 y: 531
1700606479387: Mouse moved. x: 172 y: 529
1700606479393: Mouse moved. x: 184 y: 522
1700606479400: Mouse moved. x: 209 y: 506
1700606479407: Mouse moved. x: 246 y: 481
1700606479414: Mouse moved. x: 296 y: 444
1700606479422: Mouse moved. x: 347 y: 405
1700606479429: Mouse moved. x: 408 y: 358
1700606479436: Mouse moved. x: 465 y: 311
1700606479443: Mouse moved. x: 528 y: 259
1700606479451: Mouse moved. x: 591 y: 211
1700606479458: Mouse moved. x: 648 y: 167
1700606479465: Mouse moved. x: 687 y: 133
1700606479473: Mouse moved. x: 731 y: 95
1700606479480: Mouse moved. x: 750 y: 75
1700606479487: Mouse moved. x: 766 y: 59
1700606479494: Mouse moved. x: 777 y: 47
1700606479501: Mouse moved. x: 782 y: 41
1700606479508: Mouse moved. x: 783 y: 39
1700606479515: Mouse moved. x: 785 y: 37
1700606479523: Mouse moved. x: 785 y: 37
1700606479529: Mouse moved. x: 785 y: 35
1700606479537: Mouse moved. x: 785 y: 35
1700606479551: Mouse moved. x: 785 y: 34
1700606479559: Mouse moved. x: 785 y: 34
1700606479566: Mouse moved. x: 785 y: 33
1700606479573: Mouse moved. x: 783 y: 32
1700606479580: Mouse moved. x: 779 y: 30
1700606479588: Mouse moved. x: 774 y: 28
1700606479595: Mouse moved. x: 769 y: 27
1700606479602: Mouse moved. x: 762 y: 26
1700606479610: Mouse moved. x: 756 y: 25
1700606479616: Mouse moved. x: 746 y: 25
1700606479623: Mouse moved. x: 735 y: 25
1700606479630: Mouse moved. x: 723 y: 25
1700606479638: Mouse moved. x: 713 y: 25
1700606479646: Mouse moved. x: 699 y: 25
1700606479652: Mouse moved. x: 689 y: 27
1700606479660: Mouse moved. x: 676 y: 30
1700606479667: Mouse moved. x: 665 y: 32
1700606479674: Mouse moved. x: 655 y: 34
1700606479682: Mouse moved. x: 644 y: 37
1700606479689: Mouse moved. x: 635 y: 41
1700606479696: Mouse moved. x: 628 y: 43
1700606479705: Mouse moved. x: 619 y: 46
1700606479711: Mouse moved. x: 611 y: 49
1700606479717: Mouse moved. x: 605 y: 53
1700606479724: Mouse moved. x: 601 y: 55
1700606479732: Mouse moved. x: 599 y: 56
1700606479739: Mouse moved. x: 596 y: 57
1700606479746: Mouse moved. x: 596 y: 58
1700606479754: Mouse moved. x: 595 y: 59
1700606479761: Mouse moved. x: 594 y: 59
1700606479769: Mouse moved. x: 593 y: 59
1700606479775: Mouse moved. x: 593 y: 60
1700606479783: Mouse moved. x: 592 y: 61
1700606479790: Mouse moved. x: 592 y: 61
1700606479797: Mouse moved. x: 591 y: 62
1700606479804: Mouse moved. x: 588 y: 63
1700606479811: Mouse moved. x: 587 y: 66
1700606479818: Mouse moved. x: 585 y: 69
1700606479825: Mouse moved. x: 584 y: 70
1700606479833: Mouse moved. x: 582 y: 72
1700606479840: Mouse moved. x: 581 y: 74
1700606479847: Mouse moved. x: 580 y: 74
1700606479855: Mouse moved. x: 580 y: 75
1700606479862: Mouse moved. x: 579 y: 75
1700606479870: Mouse moved. x: 579 y: 76
1700606479877: Mouse moved. x: 579 y: 77
1700606479884: Mouse moved. x: 579 y: 77
1700606479934: Mouse moved. x: 579 y: 78
1700606479949: Mouse moved. x: 579 y: 79
1700606479963: Mouse moved. x: 579 y: 80
1700606479970: Mouse moved. x: 579 y: 80
1700606479978: Mouse moved. x: 579 y: 81
1700606479992: Mouse moved. x: 579 y: 81
1700606479999: Mouse moved. x: 579 y: 82
1700606480006: Mouse moved. x: 579 y: 82
1700606480014: Mouse moved. x: 579 y: 83
1700606480021: Mouse moved. x: 579 y: 83
1700606480027: Mouse moved. x: 579 y: 85
1700606480035: Mouse moved. x: 579 y: 86
1700606480042: Mouse moved. x: 578 y: 87
1700606480050: Mouse moved. x: 578 y: 89
1700606480057: Mouse moved. x: 577 y: 90
1700606480064: Mouse moved. x: 576 y: 92
1700606480071: Mouse moved. x: 576 y: 93
1700606480078: Mouse moved. x: 575 y: 93
1700606480086: Mouse moved. x: 574 y: 94
1700606480092: Mouse moved. x: 573 y: 95
1700606480100: Mouse moved. x: 573 y: 95
1700606480107: Mouse moved. x: 572 y: 96
1700606480114: Mouse moved. x: 572 y: 96
1700606480121: Mouse moved. x: 572 y: 98
1700606480128: Mouse moved. x: 571 y: 98
1700606480137: Mouse moved. x: 571 y: 99
1700606480143: Mouse moved. x: 571 y: 99
1700606480150: Mouse moved. x: 571 y: 100
1700606480157: Mouse moved. x: 570 y: 100
1700606480165: Mouse moved. x: 570 y: 100
1700606480171: Mouse moved. x: 569 y: 100
1700606480179: Mouse moved. x: 568 y: 100
1700606480187: Mouse moved. x: 568 y: 101
1700606480193: Mouse moved. x: 567 y: 101
1700606480201: Mouse moved. x: 567 y: 102
1700606480207: Mouse moved. x: 566 y: 102
1700606480215: Mouse moved. x: 566 y: 102
1700606480230: Mouse moved. x: 566 y: 102
1700606480237: Mouse moved. x: 565 y: 102
1700606480252: Mouse moved. x: 565 y: 102
1700606480266: Mouse moved. x: 564 y: 102
1700606480302: Mouse moved. x: 563 y: 102
1700606480360: Mouse moved. x: 562 y: 102
1700606480403: Mouse moved. x: 562 y: 102
1700606480432: Mouse moved. x: 561 y: 102
1700606481067: Mouse moved. x: 537 y: 106
1700606481074: Mouse moved. x: 496 y: 107
1700606481081: Mouse moved. x: 449 y: 109
1700606481089: Mouse moved. x: 411 y: 109
1700606481096: Mouse moved. x: 361 y: 104
1700606481103: Mouse moved. x: 312 y: 103
1700606481110: Mouse moved. x: 270 y: 97
1700606481118: Mouse moved. x: 220 y: 91
1700606481125: Mouse moved. x: 191 y: 83
1700606481132: Mouse moved. x: 146 y: 77
1700606481139: Mouse moved. x: 134 y: 75
1700606481146: Mouse moved. x: 115 y: 71
1700606481153: Mouse moved. x: 104 y: 68
1700606481161: Mouse moved. x: 94 y: 65
1700606481168: Mouse moved. x: 87 y: 63
1700606481175: Mouse moved. x: 81 y: 61
1700606481183: Mouse moved. x: 78 y: 60
1700606481190: Mouse moved. x: 76 y: 59
1700606481196: Mouse moved. x: 74 y: 58
1700606481204: Mouse moved. x: 72 y: 57
1700606481212: Mouse moved. x: 72 y: 57
1700606481219: Mouse moved. x: 71 y: 57
1700606481226: Mouse moved. x: 71 y: 57
1700606481232: Mouse moved. x: 70 y: 56
1700606481240: Mouse moved. x: 70 y: 56
1700606481248: Mouse moved. x: 69 y: 56
1700606481262: Mouse moved. x: 68 y: 56
1700606481269: Mouse moved. x: 67 y: 56
1700606481276: Mouse moved. x: 67 y: 56
1700606481284: Mouse moved. x: 65 y: 56
1700606481291: Mouse moved. x: 64 y: 55
1700606481297: Mouse moved. x: 61 y: 54
1700606481305: Mouse moved. x: 59 y: 53
1700606481312: Mouse moved. x: 57 y: 53
1700606481320: Mouse moved. x: 54 y: 53
1700606481326: Mouse moved. x: 52 y: 52
1700606481334: Mouse moved. x: 50 y: 52
1700606481341: Mouse moved. x: 48 y: 52
1700606481349: Mouse moved. x: 46 y: 52
1700606481356: Mouse moved. x: 44 y: 52
1700606481363: Mouse moved. x: 42 y: 52
1700606481370: Mouse moved. x: 41 y: 52
1700606481378: Mouse moved. x: 39 y: 52
1700606481386: Mouse moved. x: 38 y: 52
1700606481393: Mouse moved. x: 37 y: 52
1700606481399: Mouse moved. x: 37 y: 52
1700606481407: Mouse moved. x: 36 y: 52
1700606481414: Mouse moved. x: 35 y: 52
1700606481421: Mouse moved. x: 35 y: 52
1700606481428: Mouse moved. x: 34 y: 52
1700606481443: Mouse moved. x: 33 y: 52
1700606481450: Mouse moved. x: 33 y: 52
1700606481456: Mouse moved. x: 32 y: 52
1700606481464: Mouse moved. x: 31 y: 52
1700606481472: Mouse moved. x: 31 y: 52
1700606481485: Mouse moved. x: 30 y: 51
1700606481492: Mouse moved. x: 30 y: 51
1700606481500: Mouse moved. x: 29 y: 50
1700606481507: Mouse moved. x: 29 y: 50
1700606481513: Mouse moved. x: 28 y: 49
1700606481522: Mouse moved. x: 28 y: 49
1700606481529: Mouse moved. x: 28 y: 48
1700606481536: Mouse moved. x: 28 y: 47
1700606481543: Mouse moved. x: 28 y: 45
1700606481551: Mouse moved. x: 28 y: 45
1700606481558: Mouse moved. x: 28 y: 44
1700606481565: Mouse moved. x: 28 y: 44
1700606481573: Mouse moved. x: 28 y: 43
1700606481580: Mouse moved. x: 28 y: 43
1700606481587: Mouse moved. x: 28 y: 42
1700606481602: Mouse moved. x: 28 y: 42
1700606481609: Mouse moved. x: 28 y: 42
1700606481629: Mouse moved. x: 28 y: 40
1700606482063: Mouse moved. x: 28 y: 55
1700606482070: Mouse moved. x: 31 y: 83
1700606482077: Mouse moved. x: 34 y: 101
1700606482084: Mouse moved. x: 38 y: 122
1700606482092: Mouse moved. x: 45 y: 142
1700606482099: Mouse moved. x: 50 y: 156
1700606482106: Mouse moved. x: 57 y: 169
1700606482113: Mouse moved. x: 62 y: 182
1700606482121: Mouse moved. x: 70 y: 196
1700606482127: Mouse moved. x: 75 y: 207
1700606482135: Mouse moved. x: 81 y: 216
1700606482142: Mouse moved. x: 86 y: 223
1700606482150: Mouse moved. x: 93 y: 234
1700606482157: Mouse moved. x: 97 y: 242
1700606482164: Mouse moved. x: 104 y: 254
1700606482171: Mouse moved. x: 107 y: 264
1700606482178: Mouse moved. x: 111 y: 275
1700606482185: Mouse moved. x: 115 y: 287
1700606482192: Mouse moved. x: 119 y: 301
1700606482200: Mouse moved. x: 125 y: 316
1700606482207: Mouse moved. x: 129 y: 329
1700606482214: Mouse moved. x: 134 y: 349
1700606482221: Mouse moved. x: 139 y: 363
1700606482229: Mouse moved. x: 143 y: 382
1700606482236: Mouse moved. x: 146 y: 395
1700606482243: Mouse moved. x: 149 y: 407
1700606482251: Mouse moved. x: 150 y: 417
1700606482258: Mouse moved. x: 151 y: 422
1700606482266: Mouse moved. x: 152 y: 429
1700606482272: Mouse moved. x: 152 y: 436
1700606482279: Mouse moved. x: 152 y: 439
1700606482286: Mouse moved. x: 152 y: 441
1700606482293: Mouse moved. x: 152 y: 444
1700606482301: Mouse moved. x: 152 y: 445
1700606482308: Mouse moved. x: 152 y: 446
1700606482316: Mouse moved. x: 152 y: 446
1700606482323: Mouse moved. x: 152 y: 447
1700606482330: Mouse moved. x: 152 y: 448
1700606482337: Mouse moved. x: 152 y: 448
1700606482344: Mouse moved. x: 152 y: 450
1700606482351: Mouse moved. x: 151 y: 453
1700606482359: Mouse moved. x: 149 y: 460
1700606482366: Mouse moved. x: 144 y: 470
1700606482373: Mouse moved. x: 141 y: 476
1700606482381: Mouse moved. x: 137 y: 486
1700606482388: Mouse moved. x: 134 y: 492
1700606482395: Mouse moved. x: 133 y: 496
1700606482402: Mouse moved. x: 131 y: 499
1700606482410: Mouse moved. x: 130 y: 502
1700606482416: Mouse moved. x: 130 y: 502
1700606482423: Mouse moved. x: 129 y: 503
1700606482430: Mouse moved. x: 128 y: 503
1700606482437: Mouse moved. x: 128 y: 504
1700606482446: Mouse moved. x: 127 y: 505
1700606482452: Mouse moved. x: 127 y: 506
1700606482481: Mouse moved. x: 127 y: 506
1700606482503: Mouse moved. x: 126 y: 506
1700606482524: Mouse moved. x: 126 y: 506
1700606482538: Mouse moved. x: 125 y: 506
1700606482561: Mouse moved. x: 124 y: 506
1700606482568: Mouse moved. x: 124 y: 506
1700606482575: Mouse moved. x: 123 y: 507
1700606482583: Mouse moved. x: 121 y: 508
1700606482590: Mouse moved. x: 119 y: 509
1700606482597: Mouse moved. x: 114 y: 511
1700606482604: Mouse moved. x: 110 y: 513
1700606482611: Mouse moved. x: 108 y: 515
1700606482619: Mouse moved. x: 104 y: 517
1700606482626: Mouse moved. x: 102 y: 518
1700606482633: Mouse moved. x: 100 y: 519
1700606482640: Mouse moved. x: 98 y: 520
1700606482648: Mouse moved. x: 97 y: 521
1700606482656: Mouse moved. x: 97 y: 521
1700606482662: Mouse moved. x: 96 y: 522
1700606482669: Mouse moved. x: 96 y: 522
1700606482676: Mouse moved. x: 95 y: 522
1700606482683: Mouse moved. x: 95 y: 523
1700606482690: Mouse moved. x: 95 y: 523
1700606482705: Mouse moved. x: 94 y: 523
1700606482712: Mouse moved. x: 93 y: 524
1700606482720: Mouse moved. x: 91 y: 527
1700606482726: Mouse moved. x: 89 y: 529
1700606482734: Mouse moved. x: 87 y: 531
1700606482741: Mouse moved. x: 84 y: 533
1700606482749: Mouse moved. x: 84 y: 533
1700606482756: Mouse moved. x: 83 y: 535
1700606482763: Mouse moved. x: 83 y: 535
1700606482770: Mouse moved. x: 82 y: 536
1700606482777: Mouse moved. x: 82 y: 536
1700606482785: Mouse moved. x: 82 y: 537
1700606482800: Mouse moved. x: 82 y: 537
1700606482806: Mouse moved. x: 82 y: 537
1700606482827: Mouse moved. x: 81 y: 537
1700606482864: Mouse moved. x: 80 y: 537
1700606482893: Mouse moved. x: 80 y: 538
1700606483369: Mouse moved. x: 98 y: 542
1700606483376: Mouse moved. x: 141 y: 553
1700606483384: Mouse moved. x: 168 y: 561
1700606483390: Mouse moved. x: 222 y: 573
1700606483401: Mouse moved. x: 256 y: 580
1700606483407: Mouse moved. x: 307 y: 590
1700606483412: Mouse moved. x: 354 y: 594
1700606483419: Mouse moved. x: 408 y: 598
1700606483427: Mouse moved. x: 460 y: 600
1700606483434: Mouse moved. x: 517 y: 602
1700606483442: Mouse moved. x: 575 y: 604
1700606483449: Mouse moved. x: 631 y: 604
1700606483456: Mouse moved. x: 688 y: 604
1700606483463: Mouse moved. x: 743 y: 605
1700606483470: Mouse moved. x: 791 y: 605
1700606483477: Mouse moved. x: 825 y: 609
1700606483484: Mouse moved. x: 867 y: 612
1700606483491: Mouse moved. x: 884 y: 614
1700606483499: Mouse moved. x: 912 y: 615
1700606483506: Mouse moved. x: 924 y: 616
1700606483513: Mouse moved. x: 936 y: 617
1700606483520: Mouse moved. x: 940 y: 618
1700606483528: Mouse moved. x: 943 y: 618
1700606483535: Mouse moved. x: 944 y: 618
1700606483542: Mouse moved. x: 945 y: 618
1700606483860: Mouse moved. x: 942 y: 615
1700606483867: Mouse moved. x: 932 y: 607
1700606483874: Mouse moved. x: 920 y: 598
1700606483882: Mouse moved. x: 910 y: 592
1700606483889: Mouse moved. x: 899 y: 584
1700606483896: Mouse moved. x: 888 y: 579
1700606483903: Mouse moved. x: 878 y: 573
1700606483910: Mouse moved. x: 872 y: 569
1700606483917: Mouse moved. x: 863 y: 565
1700606483924: Mouse moved. x: 858 y: 564
1700606483932: Mouse moved. x: 854 y: 562
1700606483939: Mouse moved. x: 849 y: 561
1700606483946: Mouse moved. x: 846 y: 560
1700606483954: Mouse moved. x: 842 y: 559
1700606483960: Mouse moved. x: 839 y: 558
1700606483968: Mouse moved. x: 837 y: 557
1700606483975: Mouse moved. x: 834 y: 555
1700606483982: Mouse moved. x: 832 y: 554
1700606483989: Mouse moved. x: 830 y: 553
1700606483997: Mouse moved. x: 826 y: 549
1700606484004: Mouse moved. x: 823 y: 543
1700606484011: Mouse moved. x: 820 y: 536
1700606484019: Mouse moved. x: 819 y: 533
1700606484025: Mouse moved. x: 816 y: 528
1700606484033: Mouse moved. x: 815 y: 527
1700606484040: Mouse moved. x: 814 y: 525
1700606484047: Mouse moved. x: 814 y: 524
1700606484055: Mouse moved. x: 812 y: 523
1700606484062: Mouse moved. x: 812 y: 521
1700606484069: Mouse moved. x: 811 y: 520
1700606484076: Mouse moved. x: 809 y: 518
1700606484083: Mouse moved. x: 808 y: 517
1700606484090: Mouse moved. x: 807 y: 516
1700606484098: Mouse moved. x: 807 y: 514
1700606484106: Mouse moved. x: 806 y: 512
1700606484113: Mouse moved. x: 805 y: 512
1700606484119: Mouse moved. x: 805 y: 510
1700606484127: Mouse moved. x: 804 y: 509
1700606484133: Mouse moved. x: 802 y: 507
1700606484141: Mouse moved. x: 802 y: 505
1700606484150: Mouse moved. x: 802 y: 504
1700606484156: Mouse moved. x: 802 y: 502
1700606484163: Mouse moved. x: 802 y: 499
1700606484170: Mouse moved. x: 801 y: 496
1700606484179: Mouse moved. x: 800 y: 493
1700606484184: Mouse moved. x: 800 y: 491
1700606484191: Mouse moved. x: 799 y: 488
1700606484199: Mouse moved. x: 798 y: 485
1700606484206: Mouse moved. x: 797 y: 483
1700606484213: Mouse moved. x: 797 y: 481
1700606484220: Mouse moved. x: 795 y: 480
1700606484227: Mouse moved. x: 794 y: 477
1700606484235: Mouse moved. x: 794 y: 476
1700606484243: Mouse moved. x: 793 y: 475
1700606484250: Mouse moved. x: 792 y: 474
1700606484257: Mouse moved. x: 792 y: 473
1700606484264: Mouse moved. x: 792 y: 473
170060